ERROR - 2024-04-29 01:04:15 --> Error connecting to the database: mysqli_sql_exception: No such file or directory in /Users/macbookpro/Eatnow/vendor/codeigniter4/framework/system/Database/MySQLi/Connection.php:187
Stack trace:
#0 /Users/macbookpro/Eatnow/vendor/codeigniter4/framework/system/Database/MySQLi/Connection.php(187): mysqli->real_connect('localhost', '', '', '', 3306, '', 0)
#1 /Users/macbookpro/Eatnow/vendor/codeigniter4/framework/system/Database/BaseConnection.php(421): CodeIgniter\Database\MySQLi\Connection->connect(false)
#2 /Users/macbookpro/Eatnow/vendor/codeigniter4/framework/system/Database/BaseConnection.php(604): CodeIgniter\Database\BaseConnection->initialize()
#3 /Users/macbookpro/Eatnow/vendor/codeigniter4/framework/system/Database/BaseConnection.php(1471): CodeIgniter\Database\BaseConnection->query('SHOW TABLES FRO...')
#4 /Users/macbookpro/Eatnow/vendor/codeigniter4/framework/system/Database/BaseConnection.php(1490): CodeIgniter\Database\BaseConnection->listTables()
#5 /Users/macbookpro/Eatnow/vendor/codeigniter4/framework/system/Database/MigrationRunner.php(759): CodeIgniter\Database\BaseConnection->tableExists('migrations')
#6 /Users/macbookpro/Eatnow/vendor/codeigniter4/framework/system/Database/MigrationRunner.php(163): CodeIgniter\Database\MigrationRunner->ensureTable()
#7 /Users/macbookpro/Eatnow/vendor/codeigniter4/framework/system/Commands/Database/Migrate.php(85): CodeIgniter\Database\MigrationRunner->latest(NULL)
#8 /Users/macbookpro/Eatnow/vendor/codeigniter4/framework/system/CLI/Commands.php(70): CodeIgniter\Commands\Database\Migrate->run(Array)
#9 /Users/macbookpro/Eatnow/vendor/codeigniter4/framework/system/CLI/Console.php(48): CodeIgniter\CLI\Commands->run('migrate', Array)
#10 /Users/macbookpro/Eatnow/vendor/codeigniter4/framework/system/Boot.php(338): CodeIgniter\CLI\Console->run()
#11 /Users/macbookpro/Eatnow/vendor/codeigniter4/framework/system/Boot.php(104): CodeIgniter\Boot::runCommand(Object(CodeIgniter\CLI\Console))
#12 /Users/macbookpro/Eatnow/spark(84): CodeIgniter\Boot::bootSpark(Object(Config\Paths))
#13 {main}

Next CodeIgniter\Database\Exceptions\DatabaseException: No such file or directory in /Users/macbookpro/Eatnow/vendor/codeigniter4/framework/system/Database/MySQLi/Connection.php:231
Stack trace:
#0 /Users/macbookpro/Eatnow/vendor/codeigniter4/framework/system/Database/BaseConnection.php(421): CodeIgniter\Database\MySQLi\Connection->connect(false)
#1 /Users/macbookpro/Eatnow/vendor/codeigniter4/framework/system/Database/BaseConnection.php(604): CodeIgniter\Database\BaseConnection->initialize()
#2 /Users/macbookpro/Eatnow/vendor/codeigniter4/framework/system/Database/BaseConnection.php(1471): CodeIgniter\Database\BaseConnection->query('SHOW TABLES FRO...')
#3 /Users/macbookpro/Eatnow/vendor/codeigniter4/framework/system/Database/BaseConnection.php(1490): CodeIgniter\Database\BaseConnection->listTables()
#4 /Users/macbookpro/Eatnow/vendor/codeigniter4/framework/system/Database/MigrationRunner.php(759): CodeIgniter\Database\BaseConnection->tableExists('migrations')
#5 /Users/macbookpro/Eatnow/vendor/codeigniter4/framework/system/Database/MigrationRunner.php(163): CodeIgniter\Database\MigrationRunner->ensureTable()
#6 /Users/macbookpro/Eatnow/vendor/codeigniter4/framework/system/Commands/Database/Migrate.php(85): CodeIgniter\Database\MigrationRunner->latest(NULL)
#7 /Users/macbookpro/Eatnow/vendor/codeigniter4/framework/system/CLI/Commands.php(70): CodeIgniter\Commands\Database\Migrate->run(Array)
#8 /Users/macbookpro/Eatnow/vendor/codeigniter4/framework/system/CLI/Console.php(48): CodeIgniter\CLI\Commands->run('migrate', Array)
#9 /Users/macbookpro/Eatnow/vendor/codeigniter4/framework/system/Boot.php(338): CodeIgniter\CLI\Console->run()
#10 /Users/macbookpro/Eatnow/vendor/codeigniter4/framework/system/Boot.php(104): CodeIgniter\Boot::runCommand(Object(CodeIgniter\CLI\Console))
#11 /Users/macbookpro/Eatnow/spark(84): CodeIgniter\Boot::bootSpark(Object(Config\Paths))
#12 {main}
ERROR - 2024-04-29 01:04:40 --> Error connecting to the database: mysqli_sql_exception: Access denied for user ''@'localhost' (using password: YES) in /Users/macbookpro/Eatnow/vendor/codeigniter4/framework/system/Database/MySQLi/Connection.php:187
Stack trace:
#0 /Users/macbookpro/Eatnow/vendor/codeigniter4/framework/system/Database/MySQLi/Connection.php(187): mysqli->real_connect('localhost', '', '', '', 3306, '', 0)
#1 /Users/macbookpro/Eatnow/vendor/codeigniter4/framework/system/Database/BaseConnection.php(421): CodeIgniter\Database\MySQLi\Connection->connect(false)
#2 /Users/macbookpro/Eatnow/vendor/codeigniter4/framework/system/Database/BaseConnection.php(604): CodeIgniter\Database\BaseConnection->initialize()
#3 /Users/macbookpro/Eatnow/vendor/codeigniter4/framework/system/Database/BaseConnection.php(1471): CodeIgniter\Database\BaseConnection->query('SHOW TABLES FRO...')
#4 /Users/macbookpro/Eatnow/vendor/codeigniter4/framework/system/Database/BaseConnection.php(1490): CodeIgniter\Database\BaseConnection->listTables()
#5 /Users/macbookpro/Eatnow/vendor/codeigniter4/framework/system/Database/MigrationRunner.php(759): CodeIgniter\Database\BaseConnection->tableExists('migrations')
#6 /Users/macbookpro/Eatnow/vendor/codeigniter4/framework/system/Database/MigrationRunner.php(163): CodeIgniter\Database\MigrationRunner->ensureTable()
#7 /Users/macbookpro/Eatnow/vendor/codeigniter4/framework/system/Commands/Database/Migrate.php(85): CodeIgniter\Database\MigrationRunner->latest(NULL)
#8 /Users/macbookpro/Eatnow/vendor/codeigniter4/framework/system/CLI/Commands.php(70): CodeIgniter\Commands\Database\Migrate->run(Array)
#9 /Users/macbookpro/Eatnow/vendor/codeigniter4/framework/system/CLI/Console.php(48): CodeIgniter\CLI\Commands->run('migrate', Array)
#10 /Users/macbookpro/Eatnow/vendor/codeigniter4/framework/system/Boot.php(338): CodeIgniter\CLI\Console->run()
#11 /Users/macbookpro/Eatnow/vendor/codeigniter4/framework/system/Boot.php(104): CodeIgniter\Boot::runCommand(Object(CodeIgniter\CLI\Console))
#12 /Users/macbookpro/Eatnow/spark(84): CodeIgniter\Boot::bootSpark(Object(Config\Paths))
#13 {main}

Next CodeIgniter\Database\Exceptions\DatabaseException: Access denied for user ''@'localhost' (using password: YES) in /Users/macbookpro/Eatnow/vendor/codeigniter4/framework/system/Database/MySQLi/Connection.php:231
Stack trace:
#0 /Users/macbookpro/Eatnow/vendor/codeigniter4/framework/system/Database/BaseConnection.php(421): CodeIgniter\Database\MySQLi\Connection->connect(false)
#1 /Users/macbookpro/Eatnow/vendor/codeigniter4/framework/system/Database/BaseConnection.php(604): CodeIgniter\Database\BaseConnection->initialize()
#2 /Users/macbookpro/Eatnow/vendor/codeigniter4/framework/system/Database/BaseConnection.php(1471): CodeIgniter\Database\BaseConnection->query('SHOW TABLES FRO...')
#3 /Users/macbookpro/Eatnow/vendor/codeigniter4/framework/system/Database/BaseConnection.php(1490): CodeIgniter\Database\BaseConnection->listTables()
#4 /Users/macbookpro/Eatnow/vendor/codeigniter4/framework/system/Database/MigrationRunner.php(759): CodeIgniter\Database\BaseConnection->tableExists('migrations')
#5 /Users/macbookpro/Eatnow/vendor/codeigniter4/framework/system/Database/MigrationRunner.php(163): CodeIgniter\Database\MigrationRunner->ensureTable()
#6 /Users/macbookpro/Eatnow/vendor/codeigniter4/framework/system/Commands/Database/Migrate.php(85): CodeIgniter\Database\MigrationRunner->latest(NULL)
#7 /Users/macbookpro/Eatnow/vendor/codeigniter4/framework/system/CLI/Commands.php(70): CodeIgniter\Commands\Database\Migrate->run(Array)
#8 /Users/macbookpro/Eatnow/vendor/codeigniter4/framework/system/CLI/Console.php(48): CodeIgniter\CLI\Commands->run('migrate', Array)
#9 /Users/macbookpro/Eatnow/vendor/codeigniter4/framework/system/Boot.php(338): CodeIgniter\CLI\Console->run()
#10 /Users/macbookpro/Eatnow/vendor/codeigniter4/framework/system/Boot.php(104): CodeIgniter\Boot::runCommand(Object(CodeIgniter\CLI\Console))
#11 /Users/macbookpro/Eatnow/spark(84): CodeIgniter\Boot::bootSpark(Object(Config\Paths))
#12 {main}
ERROR - 2024-04-29 01:17:22 --> mysqli_sql_exception: Invalid default value for 'created_at' in /Users/macbookpro/Eatnow/vendor/codeigniter4/framework/system/Database/MySQLi/Connection.php:308
Stack trace:
#0 /Users/macbookpro/Eatnow/vendor/codeigniter4/framework/system/Database/MySQLi/Connection.php(308): mysqli->query('CREATE TABLE `u...', 0)
#1 /Users/macbookpro/Eatnow/vendor/codeigniter4/framework/system/Database/BaseConnection.php(722): CodeIgniter\Database\MySQLi\Connection->execute('CREATE TABLE `u...')
#2 /Users/macbookpro/Eatnow/vendor/codeigniter4/framework/system/Database/BaseConnection.php(636): CodeIgniter\Database\BaseConnection->simpleQuery('CREATE TABLE `u...')
#3 /Users/macbookpro/Eatnow/vendor/codeigniter4/framework/system/Database/Forge.php(570): CodeIgniter\Database\BaseConnection->query('CREATE TABLE `u...')
#4 /Users/macbookpro/Eatnow/app/Database/Migrations/2024-03-29-004755_CreateUsersTable.php(57): CodeIgniter\Database\Forge->createTable('users')
#5 /Users/macbookpro/Eatnow/vendor/codeigniter4/framework/system/Database/MigrationRunner.php(867): App\Database\Migrations\CreateUsersTable->up()
#6 /Users/macbookpro/Eatnow/vendor/codeigniter4/framework/system/Database/MigrationRunner.php(183): CodeIgniter\Database\MigrationRunner->migrate('up', Object(stdClass))
#7 /Users/macbookpro/Eatnow/vendor/codeigniter4/framework/system/Commands/Database/Migrate.php(85): CodeIgniter\Database\MigrationRunner->latest(NULL)
#8 /Users/macbookpro/Eatnow/vendor/codeigniter4/framework/system/CLI/Commands.php(70): CodeIgniter\Commands\Database\Migrate->run(Array)
#9 /Users/macbookpro/Eatnow/vendor/codeigniter4/framework/system/CLI/Console.php(48): CodeIgniter\CLI\Commands->run('migrate', Array)
#10 /Users/macbookpro/Eatnow/vendor/codeigniter4/framework/system/Boot.php(338): CodeIgniter\CLI\Console->run()
#11 /Users/macbookpro/Eatnow/vendor/codeigniter4/framework/system/Boot.php(104): CodeIgniter\Boot::runCommand(Object(CodeIgniter\CLI\Console))
#12 /Users/macbookpro/Eatnow/spark(84): CodeIgniter\Boot::bootSpark(Object(Config\Paths))
#13 {main}
ERROR - 2024-04-29 01:22:22 --> mysqli_sql_exception: Invalid default value for 'created_at' in /Users/macbookpro/Eatnow/vendor/codeigniter4/framework/system/Database/MySQLi/Connection.php:308
Stack trace:
#0 /Users/macbookpro/Eatnow/vendor/codeigniter4/framework/system/Database/MySQLi/Connection.php(308): mysqli->query('CREATE TABLE `u...', 0)
#1 /Users/macbookpro/Eatnow/vendor/codeigniter4/framework/system/Database/BaseConnection.php(722): CodeIgniter\Database\MySQLi\Connection->execute('CREATE TABLE `u...')
#2 /Users/macbookpro/Eatnow/vendor/codeigniter4/framework/system/Database/BaseConnection.php(636): CodeIgniter\Database\BaseConnection->simpleQuery('CREATE TABLE `u...')
#3 /Users/macbookpro/Eatnow/vendor/codeigniter4/framework/system/Database/Forge.php(570): CodeIgniter\Database\BaseConnection->query('CREATE TABLE `u...')
#4 /Users/macbookpro/Eatnow/app/Database/Migrations/2024-03-29-004755_CreateUsersTable.php(58): CodeIgniter\Database\Forge->createTable('users')
#5 /Users/macbookpro/Eatnow/vendor/codeigniter4/framework/system/Database/MigrationRunner.php(867): App\Database\Migrations\CreateUsersTable->up()
#6 /Users/macbookpro/Eatnow/vendor/codeigniter4/framework/system/Database/MigrationRunner.php(183): CodeIgniter\Database\MigrationRunner->migrate('up', Object(stdClass))
#7 /Users/macbookpro/Eatnow/vendor/codeigniter4/framework/system/Commands/Database/Migrate.php(85): CodeIgniter\Database\MigrationRunner->latest(NULL)
#8 /Users/macbookpro/Eatnow/vendor/codeigniter4/framework/system/CLI/Commands.php(70): CodeIgniter\Commands\Database\Migrate->run(Array)
#9 /Users/macbookpro/Eatnow/vendor/codeigniter4/framework/system/CLI/Console.php(48): CodeIgniter\CLI\Commands->run('migrate', Array)
#10 /Users/macbookpro/Eatnow/vendor/codeigniter4/framework/system/Boot.php(338): CodeIgniter\CLI\Console->run()
#11 /Users/macbookpro/Eatnow/vendor/codeigniter4/framework/system/Boot.php(104): CodeIgniter\Boot::runCommand(Object(CodeIgniter\CLI\Console))
#12 /Users/macbookpro/Eatnow/spark(84): CodeIgniter\Boot::bootSpark(Object(Config\Paths))
#13 {main}
ERROR - 2024-04-29 01:27:45 --> mysqli_sql_exception: Invalid default value for 'created_at' in /Users/macbookpro/Eatnow/vendor/codeigniter4/framework/system/Database/MySQLi/Connection.php:308
Stack trace:
#0 /Users/macbookpro/Eatnow/vendor/codeigniter4/framework/system/Database/MySQLi/Connection.php(308): mysqli->query('CREATE TABLE `u...', 0)
#1 /Users/macbookpro/Eatnow/vendor/codeigniter4/framework/system/Database/BaseConnection.php(722): CodeIgniter\Database\MySQLi\Connection->execute('CREATE TABLE `u...')
#2 /Users/macbookpro/Eatnow/vendor/codeigniter4/framework/system/Database/BaseConnection.php(636): CodeIgniter\Database\BaseConnection->simpleQuery('CREATE TABLE `u...')
#3 /Users/macbookpro/Eatnow/vendor/codeigniter4/framework/system/Database/Forge.php(570): CodeIgniter\Database\BaseConnection->query('CREATE TABLE `u...')
#4 /Users/macbookpro/Eatnow/app/Database/Migrations/2024-03-29-004755_CreateUsersTable.php(57): CodeIgniter\Database\Forge->createTable('users')
#5 /Users/macbookpro/Eatnow/vendor/codeigniter4/framework/system/Database/MigrationRunner.php(867): App\Database\Migrations\CreateUsersTable->up()
#6 /Users/macbookpro/Eatnow/vendor/codeigniter4/framework/system/Database/MigrationRunner.php(183): CodeIgniter\Database\MigrationRunner->migrate('up', Object(stdClass))
#7 /Users/macbookpro/Eatnow/vendor/codeigniter4/framework/system/Commands/Database/Migrate.php(85): CodeIgniter\Database\MigrationRunner->latest(NULL)
#8 /Users/macbookpro/Eatnow/vendor/codeigniter4/framework/system/CLI/Commands.php(70): CodeIgniter\Commands\Database\Migrate->run(Array)
#9 /Users/macbookpro/Eatnow/vendor/codeigniter4/framework/system/CLI/Console.php(48): CodeIgniter\CLI\Commands->run('migrate', Array)
#10 /Users/macbookpro/Eatnow/vendor/codeigniter4/framework/system/Boot.php(338): CodeIgniter\CLI\Console->run()
#11 /Users/macbookpro/Eatnow/vendor/codeigniter4/framework/system/Boot.php(104): CodeIgniter\Boot::runCommand(Object(CodeIgniter\CLI\Console))
#12 /Users/macbookpro/Eatnow/spark(84): CodeIgniter\Boot::bootSpark(Object(Config\Paths))
#13 {main}
ERROR - 2024-04-29 01:30:04 --> mysqli_sql_exception: Invalid default value for 'created_at' in /Users/macbookpro/Eatnow/vendor/codeigniter4/framework/system/Database/MySQLi/Connection.php:308
Stack trace:
#0 /Users/macbookpro/Eatnow/vendor/codeigniter4/framework/system/Database/MySQLi/Connection.php(308): mysqli->query('CREATE TABLE `u...', 0)
#1 /Users/macbookpro/Eatnow/vendor/codeigniter4/framework/system/Database/BaseConnection.php(722): CodeIgniter\Database\MySQLi\Connection->execute('CREATE TABLE `u...')
#2 /Users/macbookpro/Eatnow/vendor/codeigniter4/framework/system/Database/BaseConnection.php(636): CodeIgniter\Database\BaseConnection->simpleQuery('CREATE TABLE `u...')
#3 /Users/macbookpro/Eatnow/vendor/codeigniter4/framework/system/Database/Forge.php(570): CodeIgniter\Database\BaseConnection->query('CREATE TABLE `u...')
#4 /Users/macbookpro/Eatnow/app/Database/Migrations/2024-03-29-004755_CreateUsersTable.php(57): CodeIgniter\Database\Forge->createTable('users')
#5 /Users/macbookpro/Eatnow/vendor/codeigniter4/framework/system/Database/MigrationRunner.php(867): App\Database\Migrations\CreateUsersTable->up()
#6 /Users/macbookpro/Eatnow/vendor/codeigniter4/framework/system/Database/MigrationRunner.php(183): CodeIgniter\Database\MigrationRunner->migrate('up', Object(stdClass))
#7 /Users/macbookpro/Eatnow/vendor/codeigniter4/framework/system/Commands/Database/Migrate.php(85): CodeIgniter\Database\MigrationRunner->latest(NULL)
#8 /Users/macbookpro/Eatnow/vendor/codeigniter4/framework/system/CLI/Commands.php(70): CodeIgniter\Commands\Database\Migrate->run(Array)
#9 /Users/macbookpro/Eatnow/vendor/codeigniter4/framework/system/CLI/Console.php(48): CodeIgniter\CLI\Commands->run('migrate', Array)
#10 /Users/macbookpro/Eatnow/vendor/codeigniter4/framework/system/Boot.php(338): CodeIgniter\CLI\Console->run()
#11 /Users/macbookpro/Eatnow/vendor/codeigniter4/framework/system/Boot.php(104): CodeIgniter\Boot::runCommand(Object(CodeIgniter\CLI\Console))
#12 /Users/macbookpro/Eatnow/spark(84): CodeIgniter\Boot::bootSpark(Object(Config\Paths))
#13 {main}
ERROR - 2024-04-29 01:35:23 --> mysqli_sql_exception: Invalid default value for 'created_at' in /Users/macbookpro/Eatnow/vendor/codeigniter4/framework/system/Database/MySQLi/Connection.php:308
Stack trace:
#0 /Users/macbookpro/Eatnow/vendor/codeigniter4/framework/system/Database/MySQLi/Connection.php(308): mysqli->query('CREATE TABLE `u...', 0)
#1 /Users/macbookpro/Eatnow/vendor/codeigniter4/framework/system/Database/BaseConnection.php(722): CodeIgniter\Database\MySQLi\Connection->execute('CREATE TABLE `u...')
#2 /Users/macbookpro/Eatnow/vendor/codeigniter4/framework/system/Database/BaseConnection.php(636): CodeIgniter\Database\BaseConnection->simpleQuery('CREATE TABLE `u...')
#3 /Users/macbookpro/Eatnow/vendor/codeigniter4/framework/system/Database/Forge.php(570): CodeIgniter\Database\BaseConnection->query('CREATE TABLE `u...')
#4 /Users/macbookpro/Eatnow/app/Database/Migrations/2024-03-29-004755_CreateUsersTable.php(57): CodeIgniter\Database\Forge->createTable('users')
#5 /Users/macbookpro/Eatnow/vendor/codeigniter4/framework/system/Database/MigrationRunner.php(867): App\Database\Migrations\CreateUsersTable->up()
#6 /Users/macbookpro/Eatnow/vendor/codeigniter4/framework/system/Database/MigrationRunner.php(183): CodeIgniter\Database\MigrationRunner->migrate('up', Object(stdClass))
#7 /Users/macbookpro/Eatnow/vendor/codeigniter4/framework/system/Commands/Database/Migrate.php(85): CodeIgniter\Database\MigrationRunner->latest(NULL)
#8 /Users/macbookpro/Eatnow/vendor/codeigniter4/framework/system/CLI/Commands.php(70): CodeIgniter\Commands\Database\Migrate->run(Array)
#9 /Users/macbookpro/Eatnow/vendor/codeigniter4/framework/system/CLI/Console.php(48): CodeIgniter\CLI\Commands->run('migrate', Array)
#10 /Users/macbookpro/Eatnow/vendor/codeigniter4/framework/system/Boot.php(338): CodeIgniter\CLI\Console->run()
#11 /Users/macbookpro/Eatnow/vendor/codeigniter4/framework/system/Boot.php(104): CodeIgniter\Boot::runCommand(Object(CodeIgniter\CLI\Console))
#12 /Users/macbookpro/Eatnow/spark(84): CodeIgniter\Boot::bootSpark(Object(Config\Paths))
#13 {main}
ERROR - 2024-04-29 01:39:04 --> mysqli_sql_exception: Invalid default value for 'created_at' in /Users/macbookpro/Eatnow/vendor/codeigniter4/framework/system/Database/MySQLi/Connection.php:308
Stack trace:
#0 /Users/macbookpro/Eatnow/vendor/codeigniter4/framework/system/Database/MySQLi/Connection.php(308): mysqli->query('CREATE TABLE `u...', 0)
#1 /Users/macbookpro/Eatnow/vendor/codeigniter4/framework/system/Database/BaseConnection.php(722): CodeIgniter\Database\MySQLi\Connection->execute('CREATE TABLE `u...')
#2 /Users/macbookpro/Eatnow/vendor/codeigniter4/framework/system/Database/BaseConnection.php(636): CodeIgniter\Database\BaseConnection->simpleQuery('CREATE TABLE `u...')
#3 /Users/macbookpro/Eatnow/vendor/codeigniter4/framework/system/Database/Forge.php(570): CodeIgniter\Database\BaseConnection->query('CREATE TABLE `u...')
#4 /Users/macbookpro/Eatnow/app/Database/Migrations/2024-03-29-004755_CreateUsersTable.php(57): CodeIgniter\Database\Forge->createTable('users')
#5 /Users/macbookpro/Eatnow/vendor/codeigniter4/framework/system/Database/MigrationRunner.php(867): App\Database\Migrations\CreateUsersTable->up()
#6 /Users/macbookpro/Eatnow/vendor/codeigniter4/framework/system/Database/MigrationRunner.php(183): CodeIgniter\Database\MigrationRunner->migrate('up', Object(stdClass))
#7 /Users/macbookpro/Eatnow/vendor/codeigniter4/framework/system/Commands/Database/Migrate.php(85): CodeIgniter\Database\MigrationRunner->latest(NULL)
#8 /Users/macbookpro/Eatnow/vendor/codeigniter4/framework/system/CLI/Commands.php(70): CodeIgniter\Commands\Database\Migrate->run(Array)
#9 /Users/macbookpro/Eatnow/vendor/codeigniter4/framework/system/CLI/Console.php(48): CodeIgniter\CLI\Commands->run('migrate', Array)
#10 /Users/macbookpro/Eatnow/vendor/codeigniter4/framework/system/Boot.php(338): CodeIgniter\CLI\Console->run()
#11 /Users/macbookpro/Eatnow/vendor/codeigniter4/framework/system/Boot.php(104): CodeIgniter\Boot::runCommand(Object(CodeIgniter\CLI\Console))
#12 /Users/macbookpro/Eatnow/spark(84): CodeIgniter\Boot::bootSpark(Object(Config\Paths))
#13 {main}
ERROR - 2024-04-29 01:41:42 --> mysqli_sql_exception: Invalid default value for 'created_at' in /Users/macbookpro/Eatnow/vendor/codeigniter4/framework/system/Database/MySQLi/Connection.php:308
Stack trace:
#0 /Users/macbookpro/Eatnow/vendor/codeigniter4/framework/system/Database/MySQLi/Connection.php(308): mysqli->query('CREATE TABLE `u...', 0)
#1 /Users/macbookpro/Eatnow/vendor/codeigniter4/framework/system/Database/BaseConnection.php(722): CodeIgniter\Database\MySQLi\Connection->execute('CREATE TABLE `u...')
#2 /Users/macbookpro/Eatnow/vendor/codeigniter4/framework/system/Database/BaseConnection.php(636): CodeIgniter\Database\BaseConnection->simpleQuery('CREATE TABLE `u...')
#3 /Users/macbookpro/Eatnow/vendor/codeigniter4/framework/system/Database/Forge.php(570): CodeIgniter\Database\BaseConnection->query('CREATE TABLE `u...')
#4 /Users/macbookpro/Eatnow/app/Database/Migrations/2024-03-29-004755_CreateUsersTable.php(58): CodeIgniter\Database\Forge->createTable('users')
#5 /Users/macbookpro/Eatnow/vendor/codeigniter4/framework/system/Database/MigrationRunner.php(867): App\Database\Migrations\CreateUsersTable->up()
#6 /Users/macbookpro/Eatnow/vendor/codeigniter4/framework/system/Database/MigrationRunner.php(183): CodeIgniter\Database\MigrationRunner->migrate('up', Object(stdClass))
#7 /Users/macbookpro/Eatnow/vendor/codeigniter4/framework/system/Commands/Database/Migrate.php(85): CodeIgniter\Database\MigrationRunner->latest(NULL)
#8 /Users/macbookpro/Eatnow/vendor/codeigniter4/framework/system/CLI/Commands.php(70): CodeIgniter\Commands\Database\Migrate->run(Array)
#9 /Users/macbookpro/Eatnow/vendor/codeigniter4/framework/system/CLI/Console.php(48): CodeIgniter\CLI\Commands->run('migrate', Array)
#10 /Users/macbookpro/Eatnow/vendor/codeigniter4/framework/system/Boot.php(338): CodeIgniter\CLI\Console->run()
#11 /Users/macbookpro/Eatnow/vendor/codeigniter4/framework/system/Boot.php(104): CodeIgniter\Boot::runCommand(Object(CodeIgniter\CLI\Console))
#12 /Users/macbookpro/Eatnow/spark(84): CodeIgniter\Boot::bootSpark(Object(Config\Paths))
#13 {main}
ERROR - 2024-04-29 01:46:24 --> mysqli_sql_exception: Invalid default value for 'created_at' in /Users/macbookpro/Eatnow/vendor/codeigniter4/framework/system/Database/MySQLi/Connection.php:308
Stack trace:
#0 /Users/macbookpro/Eatnow/vendor/codeigniter4/framework/system/Database/MySQLi/Connection.php(308): mysqli->query('CREATE TABLE `u...', 0)
#1 /Users/macbookpro/Eatnow/vendor/codeigniter4/framework/system/Database/BaseConnection.php(722): CodeIgniter\Database\MySQLi\Connection->execute('CREATE TABLE `u...')
#2 /Users/macbookpro/Eatnow/vendor/codeigniter4/framework/system/Database/BaseConnection.php(636): CodeIgniter\Database\BaseConnection->simpleQuery('CREATE TABLE `u...')
#3 /Users/macbookpro/Eatnow/vendor/codeigniter4/framework/system/Database/Forge.php(570): CodeIgniter\Database\BaseConnection->query('CREATE TABLE `u...')
#4 /Users/macbookpro/Eatnow/app/Database/Migrations/2024-03-29-004755_CreateUsersTable.php(57): CodeIgniter\Database\Forge->createTable('users')
#5 /Users/macbookpro/Eatnow/vendor/codeigniter4/framework/system/Database/MigrationRunner.php(867): App\Database\Migrations\CreateUsersTable->up()
#6 /Users/macbookpro/Eatnow/vendor/codeigniter4/framework/system/Database/MigrationRunner.php(183): CodeIgniter\Database\MigrationRunner->migrate('up', Object(stdClass))
#7 /Users/macbookpro/Eatnow/vendor/codeigniter4/framework/system/Commands/Database/Migrate.php(85): CodeIgniter\Database\MigrationRunner->latest(NULL)
#8 /Users/macbookpro/Eatnow/vendor/codeigniter4/framework/system/CLI/Commands.php(70): CodeIgniter\Commands\Database\Migrate->run(Array)
#9 /Users/macbookpro/Eatnow/vendor/codeigniter4/framework/system/CLI/Console.php(48): CodeIgniter\CLI\Commands->run('migrate', Array)
#10 /Users/macbookpro/Eatnow/vendor/codeigniter4/framework/system/Boot.php(338): CodeIgniter\CLI\Console->run()
#11 /Users/macbookpro/Eatnow/vendor/codeigniter4/framework/system/Boot.php(104): CodeIgniter\Boot::runCommand(Object(CodeIgniter\CLI\Console))
#12 /Users/macbookpro/Eatnow/spark(84): CodeIgniter\Boot::bootSpark(Object(Config\Paths))
#13 {main}
ERROR - 2024-04-29 01:50:18 --> mysqli_sql_exception: Invalid default value for 'created_at' in /Users/macbookpro/Eatnow/vendor/codeigniter4/framework/system/Database/MySQLi/Connection.php:308
Stack trace:
#0 /Users/macbookpro/Eatnow/vendor/codeigniter4/framework/system/Database/MySQLi/Connection.php(308): mysqli->query('CREATE TABLE `u...', 0)
#1 /Users/macbookpro/Eatnow/vendor/codeigniter4/framework/system/Database/BaseConnection.php(722): CodeIgniter\Database\MySQLi\Connection->execute('CREATE TABLE `u...')
#2 /Users/macbookpro/Eatnow/vendor/codeigniter4/framework/system/Database/BaseConnection.php(636): CodeIgniter\Database\BaseConnection->simpleQuery('CREATE TABLE `u...')
#3 /Users/macbookpro/Eatnow/vendor/codeigniter4/framework/system/Database/Forge.php(570): CodeIgniter\Database\BaseConnection->query('CREATE TABLE `u...')
#4 /Users/macbookpro/Eatnow/app/Database/Migrations/2024-03-29-004755_CreateUsersTable.php(58): CodeIgniter\Database\Forge->createTable('users')
#5 /Users/macbookpro/Eatnow/vendor/codeigniter4/framework/system/Database/MigrationRunner.php(867): App\Database\Migrations\CreateUsersTable->up()
#6 /Users/macbookpro/Eatnow/vendor/codeigniter4/framework/system/Database/MigrationRunner.php(183): CodeIgniter\Database\MigrationRunner->migrate('up', Object(stdClass))
#7 /Users/macbookpro/Eatnow/vendor/codeigniter4/framework/system/Commands/Database/Migrate.php(85): CodeIgniter\Database\MigrationRunner->latest(NULL)
#8 /Users/macbookpro/Eatnow/vendor/codeigniter4/framework/system/CLI/Commands.php(70): CodeIgniter\Commands\Database\Migrate->run(Array)
#9 /Users/macbookpro/Eatnow/vendor/codeigniter4/framework/system/CLI/Console.php(48): CodeIgniter\CLI\Commands->run('migrate', Array)
#10 /Users/macbookpro/Eatnow/vendor/codeigniter4/framework/system/Boot.php(338): CodeIgniter\CLI\Console->run()
#11 /Users/macbookpro/Eatnow/vendor/codeigniter4/framework/system/Boot.php(104): CodeIgniter\Boot::runCommand(Object(CodeIgniter\CLI\Console))
#12 /Users/macbookpro/Eatnow/spark(84): CodeIgniter\Boot::bootSpark(Object(Config\Paths))
#13 {main}
ERROR - 2024-04-29 02:02:33 --> mysqli_sql_exception: You have an error in your SQL syntax; check the manual that corresponds to your MySQL server version for the right syntax to use near 'TIMESTAMP DEFAULT CURRENT_TIMESTAMP ON UPDATE CURRENT_TIMESTAMP,
	`created_from`' at line 10 in /Users/macbookpro/Eatnow/vendor/codeigniter4/framework/system/Database/MySQLi/Connection.php:308
Stack trace:
#0 /Users/macbookpro/Eatnow/vendor/codeigniter4/framework/system/Database/MySQLi/Connection.php(308): mysqli->query('CREATE TABLE `u...', 0)
#1 /Users/macbookpro/Eatnow/vendor/codeigniter4/framework/system/Database/BaseConnection.php(722): CodeIgniter\Database\MySQLi\Connection->execute('CREATE TABLE `u...')
#2 /Users/macbookpro/Eatnow/vendor/codeigniter4/framework/system/Database/BaseConnection.php(636): CodeIgniter\Database\BaseConnection->simpleQuery('CREATE TABLE `u...')
#3 /Users/macbookpro/Eatnow/vendor/codeigniter4/framework/system/Database/Forge.php(570): CodeIgniter\Database\BaseConnection->query('CREATE TABLE `u...')
#4 /Users/macbookpro/Eatnow/app/Database/Migrations/2024-03-29-004755_CreateUsersTable.php(55): CodeIgniter\Database\Forge->createTable('users')
#5 /Users/macbookpro/Eatnow/vendor/codeigniter4/framework/system/Database/MigrationRunner.php(867): App\Database\Migrations\CreateUsersTable->up()
#6 /Users/macbookpro/Eatnow/vendor/codeigniter4/framework/system/Database/MigrationRunner.php(183): CodeIgniter\Database\MigrationRunner->migrate('up', Object(stdClass))
#7 /Users/macbookpro/Eatnow/vendor/codeigniter4/framework/system/Commands/Database/Migrate.php(85): CodeIgniter\Database\MigrationRunner->latest(NULL)
#8 /Users/macbookpro/Eatnow/vendor/codeigniter4/framework/system/CLI/Commands.php(70): CodeIgniter\Commands\Database\Migrate->run(Array)
#9 /Users/macbookpro/Eatnow/vendor/codeigniter4/framework/system/CLI/Console.php(48): CodeIgniter\CLI\Commands->run('migrate', Array)
#10 /Users/macbookpro/Eatnow/vendor/codeigniter4/framework/system/Boot.php(338): CodeIgniter\CLI\Console->run()
#11 /Users/macbookpro/Eatnow/vendor/codeigniter4/framework/system/Boot.php(104): CodeIgniter\Boot::runCommand(Object(CodeIgniter\CLI\Console))
#12 /Users/macbookpro/Eatnow/spark(84): CodeIgniter\Boot::bootSpark(Object(Config\Paths))
#13 {main}
ERROR - 2024-04-29 02:03:04 --> mysqli_sql_exception: Failed to open the referenced table 'restaurants' in /Users/macbookpro/Eatnow/vendor/codeigniter4/framework/system/Database/MySQLi/Connection.php:308
Stack trace:
#0 /Users/macbookpro/Eatnow/vendor/codeigniter4/framework/system/Database/MySQLi/Connection.php(308): mysqli->query('CREATE TABLE `t...', 0)
#1 /Users/macbookpro/Eatnow/vendor/codeigniter4/framework/system/Database/BaseConnection.php(722): CodeIgniter\Database\MySQLi\Connection->execute('CREATE TABLE `t...')
#2 /Users/macbookpro/Eatnow/vendor/codeigniter4/framework/system/Database/BaseConnection.php(636): CodeIgniter\Database\BaseConnection->simpleQuery('CREATE TABLE `t...')
#3 /Users/macbookpro/Eatnow/vendor/codeigniter4/framework/system/Database/Forge.php(570): CodeIgniter\Database\BaseConnection->query('CREATE TABLE `t...')
#4 /Users/macbookpro/Eatnow/app/Database/Migrations/2024-03-29-005507_CreateTablesTable.php(33): CodeIgniter\Database\Forge->createTable('tables')
#5 /Users/macbookpro/Eatnow/vendor/codeigniter4/framework/system/Database/MigrationRunner.php(867): App\Database\Migrations\CreateTablesTable->up()
#6 /Users/macbookpro/Eatnow/vendor/codeigniter4/framework/system/Database/MigrationRunner.php(183): CodeIgniter\Database\MigrationRunner->migrate('up', Object(stdClass))
#7 /Users/macbookpro/Eatnow/vendor/codeigniter4/framework/system/Commands/Database/Migrate.php(85): CodeIgniter\Database\MigrationRunner->latest(NULL)
#8 /Users/macbookpro/Eatnow/vendor/codeigniter4/framework/system/CLI/Commands.php(70): CodeIgniter\Commands\Database\Migrate->run(Array)
#9 /Users/macbookpro/Eatnow/vendor/codeigniter4/framework/system/CLI/Console.php(48): CodeIgniter\CLI\Commands->run('migrate', Array)
#10 /Users/macbookpro/Eatnow/vendor/codeigniter4/framework/system/Boot.php(338): CodeIgniter\CLI\Console->run()
#11 /Users/macbookpro/Eatnow/vendor/codeigniter4/framework/system/Boot.php(104): CodeIgniter\Boot::runCommand(Object(CodeIgniter\CLI\Console))
#12 /Users/macbookpro/Eatnow/spark(84): CodeIgniter\Boot::bootSpark(Object(Config\Paths))
#13 {main}
ERROR - 2024-04-29 02:04:08 --> mysqli_sql_exception: Failed to open the referenced table 'restaurants' in /Users/macbookpro/Eatnow/vendor/codeigniter4/framework/system/Database/MySQLi/Connection.php:308
Stack trace:
#0 /Users/macbookpro/Eatnow/vendor/codeigniter4/framework/system/Database/MySQLi/Connection.php(308): mysqli->query('CREATE TABLE `t...', 0)
#1 /Users/macbookpro/Eatnow/vendor/codeigniter4/framework/system/Database/BaseConnection.php(722): CodeIgniter\Database\MySQLi\Connection->execute('CREATE TABLE `t...')
#2 /Users/macbookpro/Eatnow/vendor/codeigniter4/framework/system/Database/BaseConnection.php(636): CodeIgniter\Database\BaseConnection->simpleQuery('CREATE TABLE `t...')
#3 /Users/macbookpro/Eatnow/vendor/codeigniter4/framework/system/Database/Forge.php(570): CodeIgniter\Database\BaseConnection->query('CREATE TABLE `t...')
#4 /Users/macbookpro/Eatnow/app/Database/Migrations/2024-03-29-005507_CreateTablesTable.php(33): CodeIgniter\Database\Forge->createTable('tables')
#5 /Users/macbookpro/Eatnow/vendor/codeigniter4/framework/system/Database/MigrationRunner.php(867): App\Database\Migrations\CreateTablesTable->up()
#6 /Users/macbookpro/Eatnow/vendor/codeigniter4/framework/system/Database/MigrationRunner.php(183): CodeIgniter\Database\MigrationRunner->migrate('up', Object(stdClass))
#7 /Users/macbookpro/Eatnow/vendor/codeigniter4/framework/system/Commands/Database/Migrate.php(85): CodeIgniter\Database\MigrationRunner->latest(NULL)
#8 /Users/macbookpro/Eatnow/vendor/codeigniter4/framework/system/CLI/Commands.php(70): CodeIgniter\Commands\Database\Migrate->run(Array)
#9 /Users/macbookpro/Eatnow/vendor/codeigniter4/framework/system/CLI/Console.php(48): CodeIgniter\CLI\Commands->run('migrate', Array)
#10 /Users/macbookpro/Eatnow/vendor/codeigniter4/framework/system/Boot.php(338): CodeIgniter\CLI\Console->run()
#11 /Users/macbookpro/Eatnow/vendor/codeigniter4/framework/system/Boot.php(104): CodeIgniter\Boot::runCommand(Object(CodeIgniter\CLI\Console))
#12 /Users/macbookpro/Eatnow/spark(84): CodeIgniter\Boot::bootSpark(Object(Config\Paths))
#13 {main}
ERROR - 2024-04-29 02:30:10 --> mysqli_sql_exception: Failed to open the referenced table 'restaurants' in /Users/macbookpro/Eatnow/vendor/codeigniter4/framework/system/Database/MySQLi/Connection.php:308
Stack trace:
#0 /Users/macbookpro/Eatnow/vendor/codeigniter4/framework/system/Database/MySQLi/Connection.php(308): mysqli->query('CREATE TABLE `t...', 0)
#1 /Users/macbookpro/Eatnow/vendor/codeigniter4/framework/system/Database/BaseConnection.php(722): CodeIgniter\Database\MySQLi\Connection->execute('CREATE TABLE `t...')
#2 /Users/macbookpro/Eatnow/vendor/codeigniter4/framework/system/Database/BaseConnection.php(636): CodeIgniter\Database\BaseConnection->simpleQuery('CREATE TABLE `t...')
#3 /Users/macbookpro/Eatnow/vendor/codeigniter4/framework/system/Database/Forge.php(570): CodeIgniter\Database\BaseConnection->query('CREATE TABLE `t...')
#4 /Users/macbookpro/Eatnow/app/Database/Migrations/2024-03-29-005507_CreateTablesTable.php(33): CodeIgniter\Database\Forge->createTable('tables')
#5 /Users/macbookpro/Eatnow/vendor/codeigniter4/framework/system/Database/MigrationRunner.php(867): App\Database\Migrations\CreateTablesTable->up()
#6 /Users/macbookpro/Eatnow/vendor/codeigniter4/framework/system/Database/MigrationRunner.php(183): CodeIgniter\Database\MigrationRunner->migrate('up', Object(stdClass))
#7 /Users/macbookpro/Eatnow/vendor/codeigniter4/framework/system/Commands/Database/Migrate.php(85): CodeIgniter\Database\MigrationRunner->latest(NULL)
#8 /Users/macbookpro/Eatnow/vendor/codeigniter4/framework/system/CLI/Commands.php(70): CodeIgniter\Commands\Database\Migrate->run(Array)
#9 /Users/macbookpro/Eatnow/vendor/codeigniter4/framework/system/CLI/Console.php(48): CodeIgniter\CLI\Commands->run('migrate', Array)
#10 /Users/macbookpro/Eatnow/vendor/codeigniter4/framework/system/Boot.php(338): CodeIgniter\CLI\Console->run()
#11 /Users/macbookpro/Eatnow/vendor/codeigniter4/framework/system/Boot.php(104): CodeIgniter\Boot::runCommand(Object(CodeIgniter\CLI\Console))
#12 /Users/macbookpro/Eatnow/spark(84): CodeIgniter\Boot::bootSpark(Object(Config\Paths))
#13 {main}
ERROR - 2024-04-29 02:30:53 --> mysqli_sql_exception: Referencing column 'user_id' and referenced column 'id' in foreign key constraint 'user_role_user_id_foreign' are incompatible. in /Users/macbookpro/Eatnow/vendor/codeigniter4/framework/system/Database/MySQLi/Connection.php:308
Stack trace:
#0 /Users/macbookpro/Eatnow/vendor/codeigniter4/framework/system/Database/MySQLi/Connection.php(308): mysqli->query('CREATE TABLE `u...', 0)
#1 /Users/macbookpro/Eatnow/vendor/codeigniter4/framework/system/Database/BaseConnection.php(722): CodeIgniter\Database\MySQLi\Connection->execute('CREATE TABLE `u...')
#2 /Users/macbookpro/Eatnow/vendor/codeigniter4/framework/system/Database/BaseConnection.php(636): CodeIgniter\Database\BaseConnection->simpleQuery('CREATE TABLE `u...')
#3 /Users/macbookpro/Eatnow/vendor/codeigniter4/framework/system/Database/Forge.php(570): CodeIgniter\Database\BaseConnection->query('CREATE TABLE `u...')
#4 /Users/macbookpro/Eatnow/app/Database/Migrations/2024-03-29-010054_CreateUserRoleTable.php(34): CodeIgniter\Database\Forge->createTable('user_role')
#5 /Users/macbookpro/Eatnow/vendor/codeigniter4/framework/system/Database/MigrationRunner.php(867): App\Database\Migrations\CreateUserRoleTable->up()
#6 /Users/macbookpro/Eatnow/vendor/codeigniter4/framework/system/Database/MigrationRunner.php(183): CodeIgniter\Database\MigrationRunner->migrate('up', Object(stdClass))
#7 /Users/macbookpro/Eatnow/vendor/codeigniter4/framework/system/Commands/Database/Migrate.php(85): CodeIgniter\Database\MigrationRunner->latest(NULL)
#8 /Users/macbookpro/Eatnow/vendor/codeigniter4/framework/system/CLI/Commands.php(70): CodeIgniter\Commands\Database\Migrate->run(Array)
#9 /Users/macbookpro/Eatnow/vendor/codeigniter4/framework/system/CLI/Console.php(48): CodeIgniter\CLI\Commands->run('migrate', Array)
#10 /Users/macbookpro/Eatnow/vendor/codeigniter4/framework/system/Boot.php(338): CodeIgniter\CLI\Console->run()
#11 /Users/macbookpro/Eatnow/vendor/codeigniter4/framework/system/Boot.php(104): CodeIgniter\Boot::runCommand(Object(CodeIgniter\CLI\Console))
#12 /Users/macbookpro/Eatnow/spark(84): CodeIgniter\Boot::bootSpark(Object(Config\Paths))
#13 {main}
ERROR - 2024-04-29 02:41:48 --> mysqli_sql_exception: Referencing column 'user_id' and referenced column 'id' in foreign key constraint 'user_role_user_id_foreign' are incompatible. in /Users/macbookpro/Eatnow/vendor/codeigniter4/framework/system/Database/MySQLi/Connection.php:308
Stack trace:
#0 /Users/macbookpro/Eatnow/vendor/codeigniter4/framework/system/Database/MySQLi/Connection.php(308): mysqli->query('CREATE TABLE `u...', 0)
#1 /Users/macbookpro/Eatnow/vendor/codeigniter4/framework/system/Database/BaseConnection.php(722): CodeIgniter\Database\MySQLi\Connection->execute('CREATE TABLE `u...')
#2 /Users/macbookpro/Eatnow/vendor/codeigniter4/framework/system/Database/BaseConnection.php(636): CodeIgniter\Database\BaseConnection->simpleQuery('CREATE TABLE `u...')
#3 /Users/macbookpro/Eatnow/vendor/codeigniter4/framework/system/Database/Forge.php(570): CodeIgniter\Database\BaseConnection->query('CREATE TABLE `u...')
#4 /Users/macbookpro/Eatnow/app/Database/Migrations/2024-03-29-010054_CreateUserRoleTable.php(34): CodeIgniter\Database\Forge->createTable('user_role')
#5 /Users/macbookpro/Eatnow/vendor/codeigniter4/framework/system/Database/MigrationRunner.php(867): App\Database\Migrations\CreateUserRoleTable->up()
#6 /Users/macbookpro/Eatnow/vendor/codeigniter4/framework/system/Database/MigrationRunner.php(183): CodeIgniter\Database\MigrationRunner->migrate('up', Object(stdClass))
#7 /Users/macbookpro/Eatnow/vendor/codeigniter4/framework/system/Commands/Database/Migrate.php(85): CodeIgniter\Database\MigrationRunner->latest(NULL)
#8 /Users/macbookpro/Eatnow/vendor/codeigniter4/framework/system/CLI/Commands.php(70): CodeIgniter\Commands\Database\Migrate->run(Array)
#9 /Users/macbookpro/Eatnow/vendor/codeigniter4/framework/system/CLI/Console.php(48): CodeIgniter\CLI\Commands->run('migrate', Array)
#10 /Users/macbookpro/Eatnow/vendor/codeigniter4/framework/system/Boot.php(338): CodeIgniter\CLI\Console->run()
#11 /Users/macbookpro/Eatnow/vendor/codeigniter4/framework/system/Boot.php(104): CodeIgniter\Boot::runCommand(Object(CodeIgniter\CLI\Console))
#12 /Users/macbookpro/Eatnow/spark(84): CodeIgniter\Boot::bootSpark(Object(Config\Paths))
#13 {main}
ERROR - 2024-04-29 02:43:37 --> mysqli_sql_exception: Referencing column 'order_id' and referenced column 'id' in foreign key constraint 'order_menuitem_order_id_foreign' are incompatible. in /Users/macbookpro/Eatnow/vendor/codeigniter4/framework/system/Database/MySQLi/Connection.php:308
Stack trace:
#0 /Users/macbookpro/Eatnow/vendor/codeigniter4/framework/system/Database/MySQLi/Connection.php(308): mysqli->query('CREATE TABLE `o...', 0)
#1 /Users/macbookpro/Eatnow/vendor/codeigniter4/framework/system/Database/BaseConnection.php(722): CodeIgniter\Database\MySQLi\Connection->execute('CREATE TABLE `o...')
#2 /Users/macbookpro/Eatnow/vendor/codeigniter4/framework/system/Database/BaseConnection.php(636): CodeIgniter\Database\BaseConnection->simpleQuery('CREATE TABLE `o...')
#3 /Users/macbookpro/Eatnow/vendor/codeigniter4/framework/system/Database/Forge.php(570): CodeIgniter\Database\BaseConnection->query('CREATE TABLE `o...')
#4 /Users/macbookpro/Eatnow/app/Database/Migrations/2024-04-29-010153_CreateOrderMenuitemTable.php(41): CodeIgniter\Database\Forge->createTable('order_menuitem')
#5 /Users/macbookpro/Eatnow/vendor/codeigniter4/framework/system/Database/MigrationRunner.php(867): App\Database\Migrations\CreateOrderMenuitemTable->up()
#6 /Users/macbookpro/Eatnow/vendor/codeigniter4/framework/system/Database/MigrationRunner.php(183): CodeIgniter\Database\MigrationRunner->migrate('up', Object(stdClass))
#7 /Users/macbookpro/Eatnow/vendor/codeigniter4/framework/system/Commands/Database/Migrate.php(85): CodeIgniter\Database\MigrationRunner->latest(NULL)
#8 /Users/macbookpro/Eatnow/vendor/codeigniter4/framework/system/CLI/Commands.php(70): CodeIgniter\Commands\Database\Migrate->run(Array)
#9 /Users/macbookpro/Eatnow/vendor/codeigniter4/framework/system/CLI/Console.php(48): CodeIgniter\CLI\Commands->run('migrate', Array)
#10 /Users/macbookpro/Eatnow/vendor/codeigniter4/framework/system/Boot.php(338): CodeIgniter\CLI\Console->run()
#11 /Users/macbookpro/Eatnow/vendor/codeigniter4/framework/system/Boot.php(104): CodeIgniter\Boot::runCommand(Object(CodeIgniter\CLI\Console))
#12 /Users/macbookpro/Eatnow/spark(84): CodeIgniter\Boot::bootSpark(Object(Config\Paths))
#13 {main}
ERROR - 2024-04-29 03:15:52 --> mysqli_sql_exception: Table 'restaurants' already exists in /Users/macbookpro/Eatnow/vendor/codeigniter4/framework/system/Database/MySQLi/Connection.php:308
Stack trace:
#0 /Users/macbookpro/Eatnow/vendor/codeigniter4/framework/system/Database/MySQLi/Connection.php(308): mysqli->query('CREATE TABLE `r...', 0)
#1 /Users/macbookpro/Eatnow/vendor/codeigniter4/framework/system/Database/BaseConnection.php(722): CodeIgniter\Database\MySQLi\Connection->execute('CREATE TABLE `r...')
#2 /Users/macbookpro/Eatnow/vendor/codeigniter4/framework/system/Database/BaseConnection.php(636): CodeIgniter\Database\BaseConnection->simpleQuery('CREATE TABLE `r...')
#3 /Users/macbookpro/Eatnow/vendor/codeigniter4/framework/system/Database/Forge.php(570): CodeIgniter\Database\BaseConnection->query('CREATE TABLE `r...')
#4 /Users/macbookpro/Eatnow/app/Database/Migrations/2024-03-29-005113_CreateRestaurantsTable.php(40): CodeIgniter\Database\Forge->createTable('restaurants')
#5 /Users/macbookpro/Eatnow/vendor/codeigniter4/framework/system/Database/MigrationRunner.php(867): App\Database\Migrations\CreateRestaurantsTable->up()
#6 /Users/macbookpro/Eatnow/vendor/codeigniter4/framework/system/Database/MigrationRunner.php(183): CodeIgniter\Database\MigrationRunner->migrate('up', Object(stdClass))
#7 /Users/macbookpro/Eatnow/vendor/codeigniter4/framework/system/Commands/Database/Migrate.php(85): CodeIgniter\Database\MigrationRunner->latest(NULL)
#8 /Users/macbookpro/Eatnow/vendor/codeigniter4/framework/system/CLI/Commands.php(70): CodeIgniter\Commands\Database\Migrate->run(Array)
#9 /Users/macbookpro/Eatnow/vendor/codeigniter4/framework/system/CLI/Console.php(48): CodeIgniter\CLI\Commands->run('migrate', Array)
#10 /Users/macbookpro/Eatnow/vendor/codeigniter4/framework/system/Boot.php(338): CodeIgniter\CLI\Console->run()
#11 /Users/macbookpro/Eatnow/vendor/codeigniter4/framework/system/Boot.php(104): CodeIgniter\Boot::runCommand(Object(CodeIgniter\CLI\Console))
#12 /Users/macbookpro/Eatnow/spark(84): CodeIgniter\Boot::bootSpark(Object(Config\Paths))
#13 {main}
ERROR - 2024-04-29 03:18:02 --> mysqli_sql_exception: Table 'restaurants' already exists in /Users/macbookpro/Eatnow/vendor/codeigniter4/framework/system/Database/MySQLi/Connection.php:308
Stack trace:
#0 /Users/macbookpro/Eatnow/vendor/codeigniter4/framework/system/Database/MySQLi/Connection.php(308): mysqli->query('CREATE TABLE `r...', 0)
#1 /Users/macbookpro/Eatnow/vendor/codeigniter4/framework/system/Database/BaseConnection.php(722): CodeIgniter\Database\MySQLi\Connection->execute('CREATE TABLE `r...')
#2 /Users/macbookpro/Eatnow/vendor/codeigniter4/framework/system/Database/BaseConnection.php(636): CodeIgniter\Database\BaseConnection->simpleQuery('CREATE TABLE `r...')
#3 /Users/macbookpro/Eatnow/vendor/codeigniter4/framework/system/Database/Forge.php(570): CodeIgniter\Database\BaseConnection->query('CREATE TABLE `r...')
#4 /Users/macbookpro/Eatnow/app/Database/Migrations/2024-03-29-005113_CreateRestaurantsTable.php(40): CodeIgniter\Database\Forge->createTable('restaurants')
#5 /Users/macbookpro/Eatnow/vendor/codeigniter4/framework/system/Database/MigrationRunner.php(867): App\Database\Migrations\CreateRestaurantsTable->up()
#6 /Users/macbookpro/Eatnow/vendor/codeigniter4/framework/system/Database/MigrationRunner.php(183): CodeIgniter\Database\MigrationRunner->migrate('up', Object(stdClass))
#7 /Users/macbookpro/Eatnow/vendor/codeigniter4/framework/system/Commands/Database/Migrate.php(85): CodeIgniter\Database\MigrationRunner->latest(NULL)
#8 /Users/macbookpro/Eatnow/vendor/codeigniter4/framework/system/CLI/Commands.php(70): CodeIgniter\Commands\Database\Migrate->run(Array)
#9 /Users/macbookpro/Eatnow/vendor/codeigniter4/framework/system/CLI/Console.php(48): CodeIgniter\CLI\Commands->run('migrate', Array)
#10 /Users/macbookpro/Eatnow/vendor/codeigniter4/framework/system/Boot.php(338): CodeIgniter\CLI\Console->run()
#11 /Users/macbookpro/Eatnow/vendor/codeigniter4/framework/system/Boot.php(104): CodeIgniter\Boot::runCommand(Object(CodeIgniter\CLI\Console))
#12 /Users/macbookpro/Eatnow/spark(84): CodeIgniter\Boot::bootSpark(Object(Config\Paths))
#13 {main}
ERROR - 2024-04-29 03:34:22 --> mysqli_sql_exception: Unknown table 'eatnow.tables' in /Users/macbookpro/Eatnow/vendor/codeigniter4/framework/system/Database/MySQLi/Connection.php:308
Stack trace:
#0 /Users/macbookpro/Eatnow/vendor/codeigniter4/framework/system/Database/MySQLi/Connection.php(308): mysqli->query('DROP TABLE `tab...', 0)
#1 /Users/macbookpro/Eatnow/vendor/codeigniter4/framework/system/Database/BaseConnection.php(722): CodeIgniter\Database\MySQLi\Connection->execute('DROP TABLE `tab...')
#2 /Users/macbookpro/Eatnow/vendor/codeigniter4/framework/system/Database/BaseConnection.php(636): CodeIgniter\Database\BaseConnection->simpleQuery('DROP TABLE `tab...')
#3 /Users/macbookpro/Eatnow/vendor/codeigniter4/framework/system/Database/Forge.php(663): CodeIgniter\Database\BaseConnection->query('DROP TABLE `tab...')
#4 /Users/macbookpro/Eatnow/app/Database/Migrations/2024-03-29-005507_CreateTablesTable.php(39): CodeIgniter\Database\Forge->dropTable('tables')
#5 /Users/macbookpro/Eatnow/vendor/codeigniter4/framework/system/Database/MigrationRunner.php(867): App\Database\Migrations\CreateTablesTable->down()
#6 /Users/macbookpro/Eatnow/vendor/codeigniter4/framework/system/Database/MigrationRunner.php(290): CodeIgniter\Database\MigrationRunner->migrate('down', Object(stdClass))
#7 /Users/macbookpro/Eatnow/vendor/codeigniter4/framework/system/Commands/Database/MigrateRollback.php(87): CodeIgniter\Database\MigrationRunner->regress(0)
#8 /Users/macbookpro/Eatnow/vendor/codeigniter4/framework/system/CLI/Commands.php(70): CodeIgniter\Commands\Database\MigrateRollback->run(Array)
#9 /Users/macbookpro/Eatnow/vendor/codeigniter4/framework/system/CLI/BaseCommand.php(119): CodeIgniter\CLI\Commands->run('migrate:rollbac...', Array)
#10 /Users/macbookpro/Eatnow/vendor/codeigniter4/framework/system/Commands/Database/MigrateRefresh.php(86): CodeIgniter\CLI\BaseCommand->call('migrate:rollbac...', Array)
#11 /Users/macbookpro/Eatnow/vendor/codeigniter4/framework/system/CLI/Commands.php(70): CodeIgniter\Commands\Database\MigrateRefresh->run(Array)
#12 /Users/macbookpro/Eatnow/vendor/codeigniter4/framework/system/CLI/Console.php(48): CodeIgniter\CLI\Commands->run('migrate:refresh', Array)
#13 /Users/macbookpro/Eatnow/vendor/codeigniter4/framework/system/Boot.php(338): CodeIgniter\CLI\Console->run()
#14 /Users/macbookpro/Eatnow/vendor/codeigniter4/framework/system/Boot.php(104): CodeIgniter\Boot::runCommand(Object(CodeIgniter\CLI\Console))
#15 /Users/macbookpro/Eatnow/spark(84): CodeIgniter\Boot::bootSpark(Object(Config\Paths))
#16 {main}
ERROR - 2024-04-29 03:35:13 --> mysqli_sql_exception: Table 'orders' already exists in /Users/macbookpro/Eatnow/vendor/codeigniter4/framework/system/Database/MySQLi/Connection.php:308
Stack trace:
#0 /Users/macbookpro/Eatnow/vendor/codeigniter4/framework/system/Database/MySQLi/Connection.php(308): mysqli->query('CREATE TABLE `o...', 0)
#1 /Users/macbookpro/Eatnow/vendor/codeigniter4/framework/system/Database/BaseConnection.php(722): CodeIgniter\Database\MySQLi\Connection->execute('CREATE TABLE `o...')
#2 /Users/macbookpro/Eatnow/vendor/codeigniter4/framework/system/Database/BaseConnection.php(636): CodeIgniter\Database\BaseConnection->simpleQuery('CREATE TABLE `o...')
#3 /Users/macbookpro/Eatnow/vendor/codeigniter4/framework/system/Database/Forge.php(570): CodeIgniter\Database\BaseConnection->query('CREATE TABLE `o...')
#4 /Users/macbookpro/Eatnow/app/Database/Migrations/2024-03-29-003921_CreateOrdersTable.php(48): CodeIgniter\Database\Forge->createTable('orders')
#5 /Users/macbookpro/Eatnow/vendor/codeigniter4/framework/system/Database/MigrationRunner.php(867): App\Database\Migrations\CreateOrdersTable->up()
#6 /Users/macbookpro/Eatnow/vendor/codeigniter4/framework/system/Database/MigrationRunner.php(183): CodeIgniter\Database\MigrationRunner->migrate('up', Object(stdClass))
#7 /Users/macbookpro/Eatnow/vendor/codeigniter4/framework/system/Commands/Database/Migrate.php(85): CodeIgniter\Database\MigrationRunner->latest(NULL)
#8 /Users/macbookpro/Eatnow/vendor/codeigniter4/framework/system/CLI/Commands.php(70): CodeIgniter\Commands\Database\Migrate->run(Array)
#9 /Users/macbookpro/Eatnow/vendor/codeigniter4/framework/system/CLI/BaseCommand.php(119): CodeIgniter\CLI\Commands->run('migrate', Array)
#10 /Users/macbookpro/Eatnow/vendor/codeigniter4/framework/system/Commands/Database/MigrateRefresh.php(87): CodeIgniter\CLI\BaseCommand->call('migrate', Array)
#11 /Users/macbookpro/Eatnow/vendor/codeigniter4/framework/system/CLI/Commands.php(70): CodeIgniter\Commands\Database\MigrateRefresh->run(Array)
#12 /Users/macbookpro/Eatnow/vendor/codeigniter4/framework/system/CLI/Console.php(48): CodeIgniter\CLI\Commands->run('migrate:refresh', Array)
#13 /Users/macbookpro/Eatnow/vendor/codeigniter4/framework/system/Boot.php(338): CodeIgniter\CLI\Console->run()
#14 /Users/macbookpro/Eatnow/vendor/codeigniter4/framework/system/Boot.php(104): CodeIgniter\Boot::runCommand(Object(CodeIgniter\CLI\Console))
#15 /Users/macbookpro/Eatnow/spark(84): CodeIgniter\Boot::bootSpark(Object(Config\Paths))
#16 {main}
ERROR - 2024-04-29 03:35:33 --> mysqli_sql_exception: Table 'orders' already exists in /Users/macbookpro/Eatnow/vendor/codeigniter4/framework/system/Database/MySQLi/Connection.php:308
Stack trace:
#0 /Users/macbookpro/Eatnow/vendor/codeigniter4/framework/system/Database/MySQLi/Connection.php(308): mysqli->query('CREATE TABLE `o...', 0)
#1 /Users/macbookpro/Eatnow/vendor/codeigniter4/framework/system/Database/BaseConnection.php(722): CodeIgniter\Database\MySQLi\Connection->execute('CREATE TABLE `o...')
#2 /Users/macbookpro/Eatnow/vendor/codeigniter4/framework/system/Database/BaseConnection.php(636): CodeIgniter\Database\BaseConnection->simpleQuery('CREATE TABLE `o...')
#3 /Users/macbookpro/Eatnow/vendor/codeigniter4/framework/system/Database/Forge.php(570): CodeIgniter\Database\BaseConnection->query('CREATE TABLE `o...')
#4 /Users/macbookpro/Eatnow/app/Database/Migrations/2024-03-29-003921_CreateOrdersTable.php(48): CodeIgniter\Database\Forge->createTable('orders')
#5 /Users/macbookpro/Eatnow/vendor/codeigniter4/framework/system/Database/MigrationRunner.php(867): App\Database\Migrations\CreateOrdersTable->up()
#6 /Users/macbookpro/Eatnow/vendor/codeigniter4/framework/system/Database/MigrationRunner.php(183): CodeIgniter\Database\MigrationRunner->migrate('up', Object(stdClass))
#7 /Users/macbookpro/Eatnow/vendor/codeigniter4/framework/system/Commands/Database/Migrate.php(85): CodeIgniter\Database\MigrationRunner->latest(NULL)
#8 /Users/macbookpro/Eatnow/vendor/codeigniter4/framework/system/CLI/Commands.php(70): CodeIgniter\Commands\Database\Migrate->run(Array)
#9 /Users/macbookpro/Eatnow/vendor/codeigniter4/framework/system/CLI/Console.php(48): CodeIgniter\CLI\Commands->run('migrate', Array)
#10 /Users/macbookpro/Eatnow/vendor/codeigniter4/framework/system/Boot.php(338): CodeIgniter\CLI\Console->run()
#11 /Users/macbookpro/Eatnow/vendor/codeigniter4/framework/system/Boot.php(104): CodeIgniter\Boot::runCommand(Object(CodeIgniter\CLI\Console))
#12 /Users/macbookpro/Eatnow/spark(84): CodeIgniter\Boot::bootSpark(Object(Config\Paths))
#13 {main}
ERROR - 2024-04-29 03:36:00 --> mysqli_sql_exception: Failed to open the referenced table 'restaurant' in /Users/macbookpro/Eatnow/vendor/codeigniter4/framework/system/Database/MySQLi/Connection.php:308
Stack trace:
#0 /Users/macbookpro/Eatnow/vendor/codeigniter4/framework/system/Database/MySQLi/Connection.php(308): mysqli->query('CREATE TABLE `c...', 0)
#1 /Users/macbookpro/Eatnow/vendor/codeigniter4/framework/system/Database/BaseConnection.php(722): CodeIgniter\Database\MySQLi\Connection->execute('CREATE TABLE `c...')
#2 /Users/macbookpro/Eatnow/vendor/codeigniter4/framework/system/Database/BaseConnection.php(636): CodeIgniter\Database\BaseConnection->simpleQuery('CREATE TABLE `c...')
#3 /Users/macbookpro/Eatnow/vendor/codeigniter4/framework/system/Database/Forge.php(570): CodeIgniter\Database\BaseConnection->query('CREATE TABLE `c...')
#4 /Users/macbookpro/Eatnow/app/Database/Migrations/2024-03-29-005217_CreateCategoriesTable.php(32): CodeIgniter\Database\Forge->createTable('categories')
#5 /Users/macbookpro/Eatnow/vendor/codeigniter4/framework/system/Database/MigrationRunner.php(867): App\Database\Migrations\CreateCategoriesTable->up()
#6 /Users/macbookpro/Eatnow/vendor/codeigniter4/framework/system/Database/MigrationRunner.php(183): CodeIgniter\Database\MigrationRunner->migrate('up', Object(stdClass))
#7 /Users/macbookpro/Eatnow/vendor/codeigniter4/framework/system/Commands/Database/Migrate.php(85): CodeIgniter\Database\MigrationRunner->latest(NULL)
#8 /Users/macbookpro/Eatnow/vendor/codeigniter4/framework/system/CLI/Commands.php(70): CodeIgniter\Commands\Database\Migrate->run(Array)
#9 /Users/macbookpro/Eatnow/vendor/codeigniter4/framework/system/CLI/Console.php(48): CodeIgniter\CLI\Commands->run('migrate', Array)
#10 /Users/macbookpro/Eatnow/vendor/codeigniter4/framework/system/Boot.php(338): CodeIgniter\CLI\Console->run()
#11 /Users/macbookpro/Eatnow/vendor/codeigniter4/framework/system/Boot.php(104): CodeIgniter\Boot::runCommand(Object(CodeIgniter\CLI\Console))
#12 /Users/macbookpro/Eatnow/spark(84): CodeIgniter\Boot::bootSpark(Object(Config\Paths))
#13 {main}
